2025-05-19 21:47:20,745 - Starting training session
2025-05-19 21:47:21,369 - Starting training for 500000 timesteps
2025-05-19 21:50:21,652 - Training completed
2025-05-19 21:50:21,677 - Model saved to models/mppo_ap2t_to_c2t
2025-05-19 21:50:21,677 - Starting evaluation
2025-05-19 21:50:21,680 - Episode 0: Failed with reward [-1.]
2025-05-19 21:50:21,681 - Episode 1: Failed with reward [-1.]
2025-05-19 21:50:21,682 - Episode 2: Failed with reward [-1.]
2025-05-19 21:50:21,683 - Episode 3: Failed with reward [-1.]
2025-05-19 21:50:21,684 - Episode 4: Failed with reward [-1.]
2025-05-19 21:50:21,685 - Episode 5: Failed with reward [-1.]
2025-05-19 21:50:21,686 - Episode 6: Failed with reward [-1.]
2025-05-19 21:50:21,687 - Episode 7: Failed with reward [-1.]
2025-05-19 21:50:21,688 - Episode 8: Failed with reward [-1.]
2025-05-19 21:50:21,689 - Episode 9: Failed with reward [-1.]
2025-05-19 21:50:21,690 - Episode 10: Failed with reward [-1.]
2025-05-19 21:50:21,691 - Episode 11: Failed with reward [-1.]
2025-05-19 21:50:21,692 - Episode 12: Failed with reward [-1.]
2025-05-19 21:50:21,693 - Episode 13: Failed with reward [-1.]
2025-05-19 21:50:21,694 - Episode 14: Failed with reward [-1.]
2025-05-19 21:50:21,695 - Episode 15: Failed with reward [-1.]
2025-05-19 21:50:21,696 - Episode 16: Failed with reward [-1.]
2025-05-19 21:50:21,697 - Episode 17: Failed with reward [-1.]
2025-05-19 21:50:21,697 - Episode 18: Failed with reward [-1.]
2025-05-19 21:50:21,698 - Episode 19: Failed with reward [-1.]
2025-05-19 21:50:21,699 - Episode 20: Failed with reward [-1.]
2025-05-19 21:50:21,700 - Episode 21: Failed with reward [-1.]
2025-05-19 21:50:21,701 - Episode 22: Failed with reward [-1.]
2025-05-19 21:50:21,702 - Episode 23: Failed with reward [-1.]
2025-05-19 21:50:21,703 - Episode 24: Failed with reward [-1.]
2025-05-19 21:50:21,704 - Episode 25: Failed with reward [-1.]
2025-05-19 21:50:21,705 - Episode 26: Failed with reward [-1.]
2025-05-19 21:50:21,706 - Episode 27: Failed with reward [-1.]
2025-05-19 21:50:21,707 - Episode 28: Failed with reward [-1.]
2025-05-19 21:50:21,708 - Episode 29: Failed with reward [-1.]
2025-05-19 21:50:21,709 - Episode 30: Failed with reward [-1.]
2025-05-19 21:50:21,710 - Episode 31: Failed with reward [-1.]
2025-05-19 21:50:21,711 - Episode 32: Failed with reward [-1.]
2025-05-19 21:50:21,712 - Episode 33: Failed with reward [-1.]
2025-05-19 21:50:21,713 - Episode 34: Failed with reward [-1.]
2025-05-19 21:50:21,714 - Episode 35: Failed with reward [-1.]
2025-05-19 21:50:21,715 - Episode 36: Failed with reward [-1.]
2025-05-19 21:50:21,716 - Episode 37: Failed with reward [-1.]
2025-05-19 21:50:21,717 - Episode 38: Failed with reward [-1.]
2025-05-19 21:50:21,718 - Episode 39: Failed with reward [-1.]
2025-05-19 21:50:21,719 - Episode 40: Failed with reward [-1.]
2025-05-19 21:50:21,720 - Episode 41: Failed with reward [-1.]
2025-05-19 21:50:21,721 - Episode 42: Failed with reward [-1.]
2025-05-19 21:50:21,722 - Episode 43: Failed with reward [-1.]
2025-05-19 21:50:21,723 - Episode 44: Failed with reward [-1.]
2025-05-19 21:50:21,723 - Episode 45: Failed with reward [-1.]
2025-05-19 21:50:21,724 - Episode 46: Failed with reward [-1.]
2025-05-19 21:50:21,725 - Episode 47: Failed with reward [-1.]
2025-05-19 21:50:21,726 - Episode 48: Failed with reward [-1.]
2025-05-19 21:50:21,727 - Episode 49: Failed with reward [-1.]
2025-05-19 21:50:21,728 - Episode 50: Failed with reward [-1.]
2025-05-19 21:50:21,729 - Episode 51: Failed with reward [-1.]
2025-05-19 21:50:21,730 - Episode 52: Failed with reward [-1.]
2025-05-19 21:50:21,731 - Episode 53: Failed with reward [-1.]
2025-05-19 21:50:21,732 - Episode 54: Failed with reward [-1.]
2025-05-19 21:50:21,733 - Episode 55: Failed with reward [-1.]
2025-05-19 21:50:21,734 - Episode 56: Failed with reward [-1.]
2025-05-19 21:50:21,735 - Episode 57: Failed with reward [-1.]
2025-05-19 21:50:21,736 - Episode 58: Failed with reward [-1.]
2025-05-19 21:50:21,737 - Episode 59: Failed with reward [-1.]
2025-05-19 21:50:21,738 - Episode 60: Failed with reward [-1.]
2025-05-19 21:50:21,739 - Episode 61: Failed with reward [-1.]
2025-05-19 21:50:21,740 - Episode 62: Failed with reward [-1.]
2025-05-19 21:50:21,741 - Episode 63: Failed with reward [-1.]
2025-05-19 21:50:21,742 - Episode 64: Failed with reward [-1.]
2025-05-19 21:50:21,743 - Episode 65: Failed with reward [-1.]
2025-05-19 21:50:21,744 - Episode 66: Failed with reward [-1.]
2025-05-19 21:50:21,745 - Episode 67: Failed with reward [-1.]
2025-05-19 21:50:21,746 - Episode 68: Failed with reward [-1.]
2025-05-19 21:50:21,747 - Episode 69: Failed with reward [-1.]
2025-05-19 21:50:21,748 - Episode 70: Failed with reward [-1.]
2025-05-19 21:50:21,749 - Episode 71: Failed with reward [-1.]
2025-05-19 21:50:21,750 - Episode 72: Failed with reward [-1.]
2025-05-19 21:50:21,751 - Episode 73: Failed with reward [-1.]
2025-05-19 21:50:21,752 - Episode 74: Failed with reward [-1.]
2025-05-19 21:50:21,753 - Episode 75: Failed with reward [-1.]
2025-05-19 21:50:21,753 - Episode 76: Failed with reward [-1.]
2025-05-19 21:50:21,754 - Episode 77: Failed with reward [-1.]
2025-05-19 21:50:21,755 - Episode 78: Failed with reward [-1.]
2025-05-19 21:50:21,756 - Episode 79: Failed with reward [-1.]
2025-05-19 21:50:21,757 - Episode 80: Failed with reward [-1.]
2025-05-19 21:50:21,758 - Episode 81: Failed with reward [-1.]
2025-05-19 21:50:21,759 - Episode 82: Failed with reward [-1.]
2025-05-19 21:50:21,760 - Episode 83: Failed with reward [-1.]
2025-05-19 21:50:21,762 - Episode 84: Failed with reward [-1.]
2025-05-19 21:50:21,763 - Episode 85: Failed with reward [-1.]
2025-05-19 21:50:21,764 - Episode 86: Failed with reward [-1.]
2025-05-19 21:50:21,765 - Episode 87: Failed with reward [-1.]
2025-05-19 21:50:21,766 - Episode 88: Failed with reward [-1.]
2025-05-19 21:50:21,767 - Episode 89: Failed with reward [-1.]
2025-05-19 21:50:21,768 - Episode 90: Failed with reward [-1.]
2025-05-19 21:50:21,769 - Episode 91: Failed with reward [-1.]
2025-05-19 21:50:21,770 - Episode 92: Failed with reward [-1.]
2025-05-19 21:50:21,771 - Episode 93: Failed with reward [-1.]
2025-05-19 21:50:21,772 - Episode 94: Failed with reward [-1.]
2025-05-19 21:50:21,773 - Episode 95: Failed with reward [-1.]
2025-05-19 21:50:21,774 - Episode 96: Failed with reward [-1.]
2025-05-19 21:50:21,775 - Episode 97: Failed with reward [-1.]
2025-05-19 21:50:21,776 - Episode 98: Failed with reward [-1.]
2025-05-19 21:50:21,778 - Episode 99: Failed with reward [-1.]
2025-05-19 21:50:30,336 - ✅ Success rate over 100 episodes: 0.00%
2025-05-19 21:50:30,337 - Log file saved to: logs/training_20250519_214720.log
