2025-05-19 21:54:22,039 - Starting training session
2025-05-19 21:54:22,646 - Starting training for 500000 timesteps
2025-05-19 21:57:17,672 - Training completed
2025-05-19 21:57:17,699 - Model saved to models/mppo_ap2t_to_c2t
2025-05-19 21:57:17,699 - Starting evaluation
2025-05-19 21:57:17,702 - Episode 0: Failed with reward [-4.]
2025-05-19 21:57:17,703 - Episode 1: Failed with reward [-4.]
2025-05-19 21:57:17,704 - Episode 2: Failed with reward [-4.]
2025-05-19 21:57:17,705 - Episode 3: Failed with reward [-4.]
2025-05-19 21:57:17,706 - Episode 4: Failed with reward [-4.]
2025-05-19 21:57:17,707 - Episode 5: Failed with reward [-4.]
2025-05-19 21:57:17,709 - Episode 6: Failed with reward [-4.]
2025-05-19 21:57:17,710 - Episode 7: Failed with reward [-4.]
2025-05-19 21:57:17,711 - Episode 8: Failed with reward [-4.]
2025-05-19 21:57:17,712 - Episode 9: Failed with reward [-4.]
2025-05-19 21:57:17,713 - Episode 10: Failed with reward [-4.]
2025-05-19 21:57:17,714 - Episode 11: Failed with reward [-4.]
2025-05-19 21:57:17,714 - Episode 12: Failed with reward [-4.]
2025-05-19 21:57:17,715 - Episode 13: Failed with reward [-4.]
2025-05-19 21:57:17,717 - Episode 14: Failed with reward [-4.]
2025-05-19 21:57:17,718 - Episode 15: Failed with reward [-4.]
2025-05-19 21:57:17,719 - Episode 16: Failed with reward [-4.]
2025-05-19 21:57:17,720 - Episode 17: Failed with reward [-4.]
2025-05-19 21:57:17,721 - Episode 18: Failed with reward [-4.]
2025-05-19 21:57:17,722 - Episode 19: Failed with reward [-4.]
2025-05-19 21:57:17,723 - Episode 20: Failed with reward [-4.]
2025-05-19 21:57:17,724 - Episode 21: Failed with reward [-4.]
2025-05-19 21:57:17,725 - Episode 22: Failed with reward [-4.]
2025-05-19 21:57:17,726 - Episode 23: Failed with reward [-4.]
2025-05-19 21:57:17,727 - Episode 24: Failed with reward [-4.]
2025-05-19 21:57:17,728 - Episode 25: Failed with reward [-4.]
2025-05-19 21:57:17,729 - Episode 26: Failed with reward [-4.]
2025-05-19 21:57:17,730 - Episode 27: Failed with reward [-4.]
2025-05-19 21:57:17,731 - Episode 28: Failed with reward [-4.]
2025-05-19 21:57:17,732 - Episode 29: Failed with reward [-4.]
2025-05-19 21:57:17,734 - Episode 30: Failed with reward [-4.]
2025-05-19 21:57:17,735 - Episode 31: Failed with reward [-4.]
2025-05-19 21:57:17,736 - Episode 32: Failed with reward [-4.]
2025-05-19 21:57:17,737 - Episode 33: Failed with reward [-4.]
2025-05-19 21:57:17,738 - Episode 34: Failed with reward [-4.]
2025-05-19 21:57:17,739 - Episode 35: Failed with reward [-4.]
2025-05-19 21:57:17,740 - Episode 36: Failed with reward [-4.]
2025-05-19 21:57:17,741 - Episode 37: Failed with reward [-4.]
2025-05-19 21:57:17,742 - Episode 38: Failed with reward [-4.]
2025-05-19 21:57:17,743 - Episode 39: Failed with reward [-4.]
2025-05-19 21:57:17,744 - Episode 40: Failed with reward [-4.]
2025-05-19 21:57:17,745 - Episode 41: Failed with reward [-4.]
2025-05-19 21:57:17,746 - Episode 42: Failed with reward [-4.]
2025-05-19 21:57:17,747 - Episode 43: Failed with reward [-4.]
2025-05-19 21:57:17,748 - Episode 44: Failed with reward [-4.]
2025-05-19 21:57:17,749 - Episode 45: Failed with reward [-4.]
2025-05-19 21:57:17,750 - Episode 46: Failed with reward [-4.]
2025-05-19 21:57:17,751 - Episode 47: Failed with reward [-4.]
2025-05-19 21:57:17,752 - Episode 48: Failed with reward [-4.]
2025-05-19 21:57:17,753 - Episode 49: Failed with reward [-4.]
2025-05-19 21:57:17,754 - Episode 50: Failed with reward [-4.]
2025-05-19 21:57:17,755 - Episode 51: Failed with reward [-4.]
2025-05-19 21:57:17,756 - Episode 52: Failed with reward [-4.]
2025-05-19 21:57:17,757 - Episode 53: Failed with reward [-4.]
2025-05-19 21:57:17,759 - Episode 54: Failed with reward [-4.]
2025-05-19 21:57:17,760 - Episode 55: Failed with reward [-4.]
2025-05-19 21:57:17,761 - Episode 56: Failed with reward [-4.]
2025-05-19 21:57:17,762 - Episode 57: Failed with reward [-4.]
2025-05-19 21:57:17,763 - Episode 58: Failed with reward [-4.]
2025-05-19 21:57:17,764 - Episode 59: Failed with reward [-4.]
2025-05-19 21:57:17,765 - Episode 60: Failed with reward [-4.]
2025-05-19 21:57:17,766 - Episode 61: Failed with reward [-4.]
2025-05-19 21:57:17,767 - Episode 62: Failed with reward [-4.]
2025-05-19 21:57:17,768 - Episode 63: Failed with reward [-4.]
2025-05-19 21:57:17,769 - Episode 64: Failed with reward [-4.]
2025-05-19 21:57:17,770 - Episode 65: Failed with reward [-4.]
2025-05-19 21:57:17,771 - Episode 66: Failed with reward [-4.]
2025-05-19 21:57:17,772 - Episode 67: Failed with reward [-4.]
2025-05-19 21:57:17,773 - Episode 68: Failed with reward [-4.]
2025-05-19 21:57:17,774 - Episode 69: Failed with reward [-4.]
2025-05-19 21:57:17,775 - Episode 70: Failed with reward [-4.]
2025-05-19 21:57:17,776 - Episode 71: Failed with reward [-4.]
2025-05-19 21:57:17,777 - Episode 72: Failed with reward [-4.]
2025-05-19 21:57:17,778 - Episode 73: Failed with reward [-4.]
2025-05-19 21:57:17,779 - Episode 74: Failed with reward [-4.]
2025-05-19 21:57:17,780 - Episode 75: Failed with reward [-4.]
2025-05-19 21:57:17,781 - Episode 76: Failed with reward [-4.]
2025-05-19 21:57:17,782 - Episode 77: Failed with reward [-4.]
2025-05-19 21:57:17,783 - Episode 78: Failed with reward [-4.]
2025-05-19 21:57:17,784 - Episode 79: Failed with reward [-4.]
2025-05-19 21:57:17,785 - Episode 80: Failed with reward [-4.]
2025-05-19 21:57:17,786 - Episode 81: Failed with reward [-4.]
2025-05-19 21:57:17,787 - Episode 82: Failed with reward [-4.]
2025-05-19 21:57:17,788 - Episode 83: Failed with reward [-4.]
2025-05-19 21:57:17,789 - Episode 84: Failed with reward [-4.]
2025-05-19 21:57:17,790 - Episode 85: Failed with reward [-4.]
2025-05-19 21:57:17,791 - Episode 86: Failed with reward [-4.]
2025-05-19 21:57:17,792 - Episode 87: Failed with reward [-4.]
2025-05-19 21:57:17,793 - Episode 88: Failed with reward [-4.]
2025-05-19 21:57:17,794 - Episode 89: Failed with reward [-4.]
2025-05-19 21:57:17,795 - Episode 90: Failed with reward [-4.]
2025-05-19 21:57:17,796 - Episode 91: Failed with reward [-4.]
2025-05-19 21:57:17,797 - Episode 92: Failed with reward [-4.]
2025-05-19 21:57:17,798 - Episode 93: Failed with reward [-4.]
2025-05-19 21:57:17,798 - Episode 94: Failed with reward [-4.]
2025-05-19 21:57:17,800 - Episode 95: Failed with reward [-4.]
2025-05-19 21:57:17,801 - Episode 96: Failed with reward [-4.]
2025-05-19 21:57:17,802 - Episode 97: Failed with reward [-4.]
2025-05-19 21:57:17,803 - Episode 98: Failed with reward [-4.]
2025-05-19 21:57:17,804 - Episode 99: Failed with reward [-4.]
2025-05-19 21:57:25,539 - ✅ Success rate over 100 episodes: 0.00%
2025-05-19 21:57:25,539 - Log file saved to: logs/training_20250519_215422.log
