2025-05-19 20:37:06,906 - Starting training session
2025-05-19 20:37:07,496 - Starting training for 500000 timesteps
2025-05-19 20:40:42,961 - Training completed
2025-05-19 20:40:42,986 - Model saved to models/mppo_ap2t_to_c2t
2025-05-19 20:40:42,986 - Starting evaluation
2025-05-19 20:40:42,988 - Episode 0: Failed with reward 1.0
2025-05-19 20:40:42,989 - Episode 1: Failed with reward 1.0
2025-05-19 20:40:42,989 - Episode 2: Failed with reward 1.0
2025-05-19 20:40:42,990 - Episode 3: Failed with reward 1.0
2025-05-19 20:40:42,990 - Episode 4: Failed with reward 1.0
2025-05-19 20:40:42,991 - Episode 5: Failed with reward 1.0
2025-05-19 20:40:42,992 - Episode 6: Failed with reward 1.0
2025-05-19 20:40:42,992 - Episode 7: Failed with reward 1.0
2025-05-19 20:40:42,993 - Episode 8: Failed with reward 1.0
2025-05-19 20:40:42,993 - Episode 9: Failed with reward 1.0
2025-05-19 20:40:42,994 - Episode 10: Failed with reward 1.0
2025-05-19 20:40:42,994 - Episode 11: Failed with reward 1.0
2025-05-19 20:40:42,995 - Episode 12: Failed with reward 1.0
2025-05-19 20:40:42,995 - Episode 13: Failed with reward 1.0
2025-05-19 20:40:42,996 - Episode 14: Failed with reward 1.0
2025-05-19 20:40:42,996 - Episode 15: Failed with reward 1.0
2025-05-19 20:40:42,997 - Episode 16: Failed with reward 1.0
2025-05-19 20:40:42,997 - Episode 17: Failed with reward 1.0
2025-05-19 20:40:42,998 - Episode 18: Failed with reward 1.0
2025-05-19 20:40:42,998 - Episode 19: Failed with reward 1.0
2025-05-19 20:40:42,999 - Episode 20: Failed with reward 1.0
2025-05-19 20:40:42,999 - Episode 21: Failed with reward 1.0
2025-05-19 20:40:43,000 - Episode 22: Failed with reward 1.0
2025-05-19 20:40:43,000 - Episode 23: Failed with reward 1.0
2025-05-19 20:40:43,001 - Episode 24: Failed with reward 1.0
2025-05-19 20:40:43,001 - Episode 25: Failed with reward 1.0
2025-05-19 20:40:43,002 - Episode 26: Failed with reward 1.0
2025-05-19 20:40:43,002 - Episode 27: Failed with reward 1.0
2025-05-19 20:40:43,003 - Episode 28: Failed with reward 1.0
2025-05-19 20:40:43,003 - Episode 29: Failed with reward 1.0
2025-05-19 20:40:43,004 - Episode 30: Failed with reward 1.0
2025-05-19 20:40:43,004 - Episode 31: Failed with reward 1.0
2025-05-19 20:40:43,005 - Episode 32: Failed with reward 1.0
2025-05-19 20:40:43,005 - Episode 33: Failed with reward 1.0
2025-05-19 20:40:43,006 - Episode 34: Failed with reward 1.0
2025-05-19 20:40:43,006 - Episode 35: Failed with reward 1.0
2025-05-19 20:40:43,007 - Episode 36: Failed with reward 1.0
2025-05-19 20:40:43,007 - Episode 37: Failed with reward 1.0
2025-05-19 20:40:43,008 - Episode 38: Failed with reward 1.0
2025-05-19 20:40:43,008 - Episode 39: Failed with reward 1.0
2025-05-19 20:40:43,009 - Episode 40: Failed with reward 1.0
2025-05-19 20:40:43,009 - Episode 41: Failed with reward 1.0
2025-05-19 20:40:43,010 - Episode 42: Failed with reward 1.0
2025-05-19 20:40:43,011 - Episode 43: Failed with reward 1.0
2025-05-19 20:40:43,011 - Episode 44: Failed with reward 1.0
2025-05-19 20:40:43,012 - Episode 45: Failed with reward 1.0
2025-05-19 20:40:43,012 - Episode 46: Failed with reward 1.0
2025-05-19 20:40:43,013 - Episode 47: Failed with reward 1.0
2025-05-19 20:40:43,013 - Episode 48: Failed with reward 1.0
2025-05-19 20:40:43,014 - Episode 49: Failed with reward 1.0
2025-05-19 20:40:43,014 - Episode 50: Failed with reward 1.0
2025-05-19 20:40:43,015 - Episode 51: Failed with reward 1.0
2025-05-19 20:40:43,015 - Episode 52: Failed with reward 1.0
2025-05-19 20:40:43,016 - Episode 53: Failed with reward 1.0
2025-05-19 20:40:43,016 - Episode 54: Failed with reward 1.0
2025-05-19 20:40:43,017 - Episode 55: Failed with reward 1.0
2025-05-19 20:40:43,017 - Episode 56: Failed with reward 1.0
2025-05-19 20:40:43,018 - Episode 57: Failed with reward 1.0
2025-05-19 20:40:43,018 - Episode 58: Failed with reward 1.0
2025-05-19 20:40:43,019 - Episode 59: Failed with reward 1.0
2025-05-19 20:40:43,019 - Episode 60: Failed with reward 1.0
2025-05-19 20:40:43,020 - Episode 61: Failed with reward 1.0
2025-05-19 20:40:43,020 - Episode 62: Failed with reward 1.0
2025-05-19 20:40:43,021 - Episode 63: Failed with reward 1.0
2025-05-19 20:40:43,021 - Episode 64: Failed with reward 1.0
2025-05-19 20:40:43,022 - Episode 65: Failed with reward 1.0
2025-05-19 20:40:43,022 - Episode 66: Failed with reward 1.0
2025-05-19 20:40:43,023 - Episode 67: Failed with reward 1.0
2025-05-19 20:40:43,023 - Episode 68: Failed with reward 1.0
2025-05-19 20:40:43,024 - Episode 69: Failed with reward 1.0
2025-05-19 20:40:43,024 - Episode 70: Failed with reward 1.0
2025-05-19 20:40:43,025 - Episode 71: Failed with reward 1.0
2025-05-19 20:40:43,025 - Episode 72: Failed with reward 1.0
2025-05-19 20:40:43,026 - Episode 73: Failed with reward 1.0
2025-05-19 20:40:43,026 - Episode 74: Failed with reward 1.0
2025-05-19 20:40:43,027 - Episode 75: Failed with reward 1.0
2025-05-19 20:40:43,027 - Episode 76: Failed with reward 1.0
2025-05-19 20:40:43,028 - Episode 77: Failed with reward 1.0
2025-05-19 20:40:43,028 - Episode 78: Failed with reward 1.0
2025-05-19 20:40:43,029 - Episode 79: Failed with reward 1.0
2025-05-19 20:40:43,029 - Episode 80: Failed with reward 1.0
2025-05-19 20:40:43,030 - Episode 81: Failed with reward 1.0
2025-05-19 20:40:43,030 - Episode 82: Failed with reward 1.0
2025-05-19 20:40:43,031 - Episode 83: Failed with reward 1.0
2025-05-19 20:40:43,031 - Episode 84: Failed with reward 1.0
2025-05-19 20:40:43,032 - Episode 85: Failed with reward 1.0
2025-05-19 20:40:43,032 - Episode 86: Failed with reward 1.0
2025-05-19 20:40:43,033 - Episode 87: Failed with reward 1.0
2025-05-19 20:40:43,033 - Episode 88: Failed with reward 1.0
2025-05-19 20:40:43,034 - Episode 89: Failed with reward 1.0
2025-05-19 20:40:43,034 - Episode 90: Failed with reward 1.0
2025-05-19 20:40:43,035 - Episode 91: Failed with reward 1.0
2025-05-19 20:40:43,035 - Episode 92: Failed with reward 1.0
2025-05-19 20:40:43,036 - Episode 93: Failed with reward 1.0
2025-05-19 20:40:43,036 - Episode 94: Failed with reward 1.0
2025-05-19 20:40:43,037 - Episode 95: Failed with reward 1.0
2025-05-19 20:40:43,037 - Episode 96: Failed with reward 1.0
2025-05-19 20:40:43,038 - Episode 97: Failed with reward 1.0
2025-05-19 20:40:43,038 - Episode 98: Failed with reward 1.0
2025-05-19 20:40:43,039 - Episode 99: Failed with reward 1.0
2025-05-19 20:40:48,609 - ✅ Success rate over 100 episodes: 0.00%
2025-05-19 20:40:48,609 - Log file saved to: logs/training_20250519_203706.log
