2025-05-19 22:46:45,399 - Starting training session
2025-05-19 22:46:46,014 - Starting training for 500000 timesteps
2025-05-19 22:49:58,140 - Training completed
2025-05-19 22:49:58,170 - Model saved to models/mppo_ap2t_to_c2t
2025-05-19 22:49:58,170 - Starting evaluation
2025-05-19 22:49:58,174 - Episode 0: Failed with reward [36.71429]
2025-05-19 22:49:58,176 - Episode 1: Failed with reward [36.71429]
2025-05-19 22:49:58,178 - Episode 2: Failed with reward [36.71429]
2025-05-19 22:49:58,180 - Episode 3: Failed with reward [36.71429]
2025-05-19 22:49:58,182 - Episode 4: Failed with reward [36.71429]
2025-05-19 22:49:58,183 - Episode 5: Failed with reward [36.71429]
2025-05-19 22:49:58,185 - Episode 6: Failed with reward [36.71429]
2025-05-19 22:49:58,187 - Episode 7: Failed with reward [36.71429]
2025-05-19 22:49:58,189 - Episode 8: Failed with reward [36.71429]
2025-05-19 22:49:58,191 - Episode 9: Failed with reward [36.71429]
2025-05-19 22:49:58,192 - Episode 10: Failed with reward [36.71429]
2025-05-19 22:49:58,194 - Episode 11: Failed with reward [36.71429]
2025-05-19 22:49:58,196 - Episode 12: Failed with reward [36.71429]
2025-05-19 22:49:58,198 - Episode 13: Failed with reward [36.71429]
2025-05-19 22:49:58,200 - Episode 14: Failed with reward [36.71429]
2025-05-19 22:49:58,201 - Episode 15: Failed with reward [36.71429]
2025-05-19 22:49:58,203 - Episode 16: Failed with reward [36.71429]
2025-05-19 22:49:58,205 - Episode 17: Failed with reward [36.71429]
2025-05-19 22:49:58,207 - Episode 18: Failed with reward [36.71429]
2025-05-19 22:49:58,209 - Episode 19: Failed with reward [36.71429]
2025-05-19 22:49:58,210 - Episode 20: Failed with reward [36.71429]
2025-05-19 22:49:58,212 - Episode 21: Failed with reward [36.71429]
2025-05-19 22:49:58,214 - Episode 22: Failed with reward [36.71429]
2025-05-19 22:49:58,216 - Episode 23: Failed with reward [36.71429]
2025-05-19 22:49:58,218 - Episode 24: Failed with reward [36.71429]
2025-05-19 22:49:58,219 - Episode 25: Failed with reward [36.71429]
2025-05-19 22:49:58,221 - Episode 26: Failed with reward [36.71429]
2025-05-19 22:49:58,223 - Episode 27: Failed with reward [36.71429]
2025-05-19 22:49:58,225 - Episode 28: Failed with reward [36.71429]
2025-05-19 22:49:58,227 - Episode 29: Failed with reward [36.71429]
2025-05-19 22:49:58,228 - Episode 30: Failed with reward [36.71429]
2025-05-19 22:49:58,230 - Episode 31: Failed with reward [36.71429]
2025-05-19 22:49:58,232 - Episode 32: Failed with reward [36.71429]
2025-05-19 22:49:58,234 - Episode 33: Failed with reward [36.71429]
2025-05-19 22:49:58,236 - Episode 34: Failed with reward [36.71429]
2025-05-19 22:49:58,238 - Episode 35: Failed with reward [36.71429]
2025-05-19 22:49:58,239 - Episode 36: Failed with reward [36.71429]
2025-05-19 22:49:58,241 - Episode 37: Failed with reward [36.71429]
2025-05-19 22:49:58,243 - Episode 38: Failed with reward [36.71429]
2025-05-19 22:49:58,245 - Episode 39: Failed with reward [36.71429]
2025-05-19 22:49:58,246 - Episode 40: Failed with reward [36.71429]
2025-05-19 22:49:58,248 - Episode 41: Failed with reward [36.71429]
2025-05-19 22:49:58,250 - Episode 42: Failed with reward [36.71429]
2025-05-19 22:49:58,252 - Episode 43: Failed with reward [36.71429]
2025-05-19 22:49:58,254 - Episode 44: Failed with reward [36.71429]
2025-05-19 22:49:58,255 - Episode 45: Failed with reward [36.71429]
2025-05-19 22:49:58,257 - Episode 46: Failed with reward [36.71429]
2025-05-19 22:49:58,259 - Episode 47: Failed with reward [36.71429]
2025-05-19 22:49:58,261 - Episode 48: Failed with reward [36.71429]
2025-05-19 22:49:58,263 - Episode 49: Failed with reward [36.71429]
2025-05-19 22:49:58,264 - Episode 50: Failed with reward [36.71429]
2025-05-19 22:49:58,266 - Episode 51: Failed with reward [36.71429]
2025-05-19 22:49:58,268 - Episode 52: Failed with reward [36.71429]
2025-05-19 22:49:58,270 - Episode 53: Failed with reward [36.71429]
2025-05-19 22:49:58,272 - Episode 54: Failed with reward [36.71429]
2025-05-19 22:49:58,273 - Episode 55: Failed with reward [36.71429]
2025-05-19 22:49:58,275 - Episode 56: Failed with reward [36.71429]
2025-05-19 22:49:58,277 - Episode 57: Failed with reward [36.71429]
2025-05-19 22:49:58,279 - Episode 58: Failed with reward [36.71429]
2025-05-19 22:49:58,281 - Episode 59: Failed with reward [36.71429]
2025-05-19 22:49:58,282 - Episode 60: Failed with reward [36.71429]
2025-05-19 22:49:58,284 - Episode 61: Failed with reward [36.71429]
2025-05-19 22:49:58,286 - Episode 62: Failed with reward [36.71429]
2025-05-19 22:49:58,288 - Episode 63: Failed with reward [36.71429]
2025-05-19 22:49:58,290 - Episode 64: Failed with reward [36.71429]
2025-05-19 22:49:58,291 - Episode 65: Failed with reward [36.71429]
2025-05-19 22:49:58,293 - Episode 66: Failed with reward [36.71429]
2025-05-19 22:49:58,295 - Episode 67: Failed with reward [36.71429]
2025-05-19 22:49:58,297 - Episode 68: Failed with reward [36.71429]
2025-05-19 22:49:58,299 - Episode 69: Failed with reward [36.71429]
2025-05-19 22:49:58,301 - Episode 70: Failed with reward [36.71429]
2025-05-19 22:49:58,303 - Episode 71: Failed with reward [36.71429]
2025-05-19 22:49:58,305 - Episode 72: Failed with reward [36.71429]
2025-05-19 22:49:58,306 - Episode 73: Failed with reward [36.71429]
2025-05-19 22:49:58,308 - Episode 74: Failed with reward [36.71429]
2025-05-19 22:49:58,310 - Episode 75: Failed with reward [36.71429]
2025-05-19 22:49:58,312 - Episode 76: Failed with reward [36.71429]
2025-05-19 22:49:58,314 - Episode 77: Failed with reward [36.71429]
2025-05-19 22:49:58,316 - Episode 78: Failed with reward [36.71429]
2025-05-19 22:49:58,317 - Episode 79: Failed with reward [36.71429]
2025-05-19 22:49:58,319 - Episode 80: Failed with reward [36.71429]
2025-05-19 22:49:58,321 - Episode 81: Failed with reward [36.71429]
2025-05-19 22:49:58,323 - Episode 82: Failed with reward [36.71429]
2025-05-19 22:49:58,325 - Episode 83: Failed with reward [36.71429]
2025-05-19 22:49:58,327 - Episode 84: Failed with reward [36.71429]
2025-05-19 22:49:58,329 - Episode 85: Failed with reward [36.71429]
2025-05-19 22:49:58,331 - Episode 86: Failed with reward [36.71429]
2025-05-19 22:49:58,332 - Episode 87: Failed with reward [36.71429]
2025-05-19 22:49:58,334 - Episode 88: Failed with reward [36.71429]
2025-05-19 22:49:58,336 - Episode 89: Failed with reward [36.71429]
2025-05-19 22:49:58,338 - Episode 90: Failed with reward [36.71429]
2025-05-19 22:49:58,340 - Episode 91: Failed with reward [36.71429]
2025-05-19 22:49:58,342 - Episode 92: Failed with reward [36.71429]
2025-05-19 22:49:58,344 - Episode 93: Failed with reward [36.71429]
2025-05-19 22:49:58,345 - Episode 94: Failed with reward [36.71429]
2025-05-19 22:49:58,347 - Episode 95: Failed with reward [36.71429]
2025-05-19 22:49:58,349 - Episode 96: Failed with reward [36.71429]
2025-05-19 22:49:58,351 - Episode 97: Failed with reward [36.71429]
2025-05-19 22:49:58,353 - Episode 98: Failed with reward [36.71429]
2025-05-19 22:49:58,355 - Episode 99: Failed with reward [36.71429]
2025-05-19 22:50:00,559 - ✅ Success rate over 100 episodes: 0.00%
2025-05-19 22:50:00,559 - Log file saved to: logs/training_20250519_224645.log
