2025-05-19 20:04:20,510 - Starting training session
2025-05-19 20:04:21,128 - Starting training for 500000 timesteps
2025-05-19 20:07:41,805 - Training completed
2025-05-19 20:07:41,830 - Model saved to models/mppo_ap2t_to_c2t
2025-05-19 20:07:41,830 - Starting evaluation
2025-05-19 20:07:41,832 - Episode 0: Failed with reward 3.0
2025-05-19 20:07:41,833 - Episode 1: Failed with reward 3.0
2025-05-19 20:07:41,833 - Episode 2: Failed with reward 3.0
2025-05-19 20:07:41,834 - Episode 3: Failed with reward 3.0
2025-05-19 20:07:41,834 - Episode 4: Failed with reward 3.0
2025-05-19 20:07:41,835 - Episode 5: Failed with reward 3.0
2025-05-19 20:07:41,835 - Episode 6: Failed with reward 3.0
2025-05-19 20:07:41,836 - Episode 7: Failed with reward 3.0
2025-05-19 20:07:41,836 - Episode 8: Failed with reward 3.0
2025-05-19 20:07:41,837 - Episode 9: Failed with reward 3.0
2025-05-19 20:07:41,837 - Episode 10: Failed with reward 3.0
2025-05-19 20:07:41,838 - Episode 11: Failed with reward 3.0
2025-05-19 20:07:41,838 - Episode 12: Failed with reward 3.0
2025-05-19 20:07:41,839 - Episode 13: Failed with reward 3.0
2025-05-19 20:07:41,839 - Episode 14: Failed with reward 3.0
2025-05-19 20:07:41,840 - Episode 15: Failed with reward 3.0
2025-05-19 20:07:41,840 - Episode 16: Failed with reward 3.0
2025-05-19 20:07:41,841 - Episode 17: Failed with reward 3.0
2025-05-19 20:07:41,841 - Episode 18: Failed with reward 3.0
2025-05-19 20:07:41,842 - Episode 19: Failed with reward 3.0
2025-05-19 20:07:41,842 - Episode 20: Failed with reward 3.0
2025-05-19 20:07:41,843 - Episode 21: Failed with reward 3.0
2025-05-19 20:07:41,843 - Episode 22: Failed with reward 3.0
2025-05-19 20:07:41,844 - Episode 23: Failed with reward 3.0
2025-05-19 20:07:41,844 - Episode 24: Failed with reward 3.0
2025-05-19 20:07:41,845 - Episode 25: Failed with reward 3.0
2025-05-19 20:07:41,845 - Episode 26: Failed with reward 3.0
2025-05-19 20:07:41,846 - Episode 27: Failed with reward 3.0
2025-05-19 20:07:41,846 - Episode 28: Failed with reward 3.0
2025-05-19 20:07:41,847 - Episode 29: Failed with reward 3.0
2025-05-19 20:07:41,847 - Episode 30: Failed with reward 3.0
2025-05-19 20:07:41,848 - Episode 31: Failed with reward 3.0
2025-05-19 20:07:41,848 - Episode 32: Failed with reward 3.0
2025-05-19 20:07:41,849 - Episode 33: Failed with reward 3.0
2025-05-19 20:07:41,849 - Episode 34: Failed with reward 3.0
2025-05-19 20:07:41,850 - Episode 35: Failed with reward 3.0
2025-05-19 20:07:41,851 - Episode 36: Failed with reward 3.0
2025-05-19 20:07:41,851 - Episode 37: Failed with reward 3.0
2025-05-19 20:07:41,852 - Episode 38: Failed with reward 3.0
2025-05-19 20:07:41,852 - Episode 39: Failed with reward 3.0
2025-05-19 20:07:41,853 - Episode 40: Failed with reward 3.0
2025-05-19 20:07:41,853 - Episode 41: Failed with reward 3.0
2025-05-19 20:07:41,854 - Episode 42: Failed with reward 3.0
2025-05-19 20:07:41,854 - Episode 43: Failed with reward 3.0
2025-05-19 20:07:41,855 - Episode 44: Failed with reward 3.0
2025-05-19 20:07:41,855 - Episode 45: Failed with reward 3.0
2025-05-19 20:07:41,855 - Episode 46: Failed with reward 3.0
2025-05-19 20:07:41,856 - Episode 47: Failed with reward 3.0
2025-05-19 20:07:41,857 - Episode 48: Failed with reward 3.0
2025-05-19 20:07:41,857 - Episode 49: Failed with reward 3.0
2025-05-19 20:07:41,858 - Episode 50: Failed with reward 3.0
2025-05-19 20:07:41,858 - Episode 51: Failed with reward 3.0
2025-05-19 20:07:41,859 - Episode 52: Failed with reward 3.0
2025-05-19 20:07:41,859 - Episode 53: Failed with reward 3.0
2025-05-19 20:07:41,860 - Episode 54: Failed with reward 3.0
2025-05-19 20:07:41,860 - Episode 55: Failed with reward 3.0
2025-05-19 20:07:41,861 - Episode 56: Failed with reward 3.0
2025-05-19 20:07:41,861 - Episode 57: Failed with reward 3.0
2025-05-19 20:07:41,862 - Episode 58: Failed with reward 3.0
2025-05-19 20:07:41,862 - Episode 59: Failed with reward 3.0
2025-05-19 20:07:41,863 - Episode 60: Failed with reward 3.0
2025-05-19 20:07:41,863 - Episode 61: Failed with reward 3.0
2025-05-19 20:07:41,864 - Episode 62: Failed with reward 3.0
2025-05-19 20:07:41,864 - Episode 63: Failed with reward 3.0
2025-05-19 20:07:41,865 - Episode 64: Failed with reward 3.0
2025-05-19 20:07:41,866 - Episode 65: Failed with reward 3.0
2025-05-19 20:07:41,866 - Episode 66: Failed with reward 3.0
2025-05-19 20:07:41,866 - Episode 67: Failed with reward 3.0
2025-05-19 20:07:41,867 - Episode 68: Failed with reward 3.0
2025-05-19 20:07:41,867 - Episode 69: Failed with reward 3.0
2025-05-19 20:07:41,868 - Episode 70: Failed with reward 3.0
2025-05-19 20:07:41,868 - Episode 71: Failed with reward 3.0
2025-05-19 20:07:41,869 - Episode 72: Failed with reward 3.0
2025-05-19 20:07:41,869 - Episode 73: Failed with reward 3.0
2025-05-19 20:07:41,870 - Episode 74: Failed with reward 3.0
2025-05-19 20:07:41,870 - Episode 75: Failed with reward 3.0
2025-05-19 20:07:41,871 - Episode 76: Failed with reward 3.0
2025-05-19 20:07:41,871 - Episode 77: Failed with reward 3.0
2025-05-19 20:07:41,872 - Episode 78: Failed with reward 3.0
2025-05-19 20:07:41,873 - Episode 79: Failed with reward 3.0
2025-05-19 20:07:41,873 - Episode 80: Failed with reward 3.0
2025-05-19 20:07:41,874 - Episode 81: Failed with reward 3.0
2025-05-19 20:07:41,874 - Episode 82: Failed with reward 3.0
2025-05-19 20:07:41,875 - Episode 83: Failed with reward 3.0
2025-05-19 20:07:41,875 - Episode 84: Failed with reward 3.0
2025-05-19 20:07:41,876 - Episode 85: Failed with reward 3.0
2025-05-19 20:07:41,876 - Episode 86: Failed with reward 3.0
2025-05-19 20:07:41,877 - Episode 87: Failed with reward 3.0
2025-05-19 20:07:41,877 - Episode 88: Failed with reward 3.0
2025-05-19 20:07:41,878 - Episode 89: Failed with reward 3.0
2025-05-19 20:07:41,878 - Episode 90: Failed with reward 3.0
2025-05-19 20:07:41,879 - Episode 91: Failed with reward 3.0
2025-05-19 20:07:41,879 - Episode 92: Failed with reward 3.0
2025-05-19 20:07:41,880 - Episode 93: Failed with reward 3.0
2025-05-19 20:07:41,880 - Episode 94: Failed with reward 3.0
2025-05-19 20:07:41,881 - Episode 95: Failed with reward 3.0
2025-05-19 20:07:41,882 - Episode 96: Failed with reward 3.0
2025-05-19 20:07:41,882 - Episode 97: Failed with reward 3.0
2025-05-19 20:07:41,883 - Episode 98: Failed with reward 3.0
2025-05-19 20:07:41,883 - Episode 99: Failed with reward 3.0
2025-05-19 20:12:29,509 - ✅ Success rate over 100 episodes: 0.00%
2025-05-19 20:12:29,510 - Log file saved to: logs/training_20250519_200420.log
