2025-05-19 22:40:54,593 - Starting training session
2025-05-19 22:40:55,189 - Starting training for 500000 timesteps
2025-05-19 22:43:59,028 - Training completed
2025-05-19 22:43:59,055 - Model saved to models/mppo_ap2t_to_c2t
2025-05-19 22:43:59,055 - Starting evaluation
2025-05-19 22:43:59,059 - Episode 0: Failed with reward [36.71429]
2025-05-19 22:43:59,061 - Episode 1: Failed with reward [36.71429]
2025-05-19 22:43:59,063 - Episode 2: Failed with reward [36.71429]
2025-05-19 22:43:59,065 - Episode 3: Failed with reward [36.71429]
2025-05-19 22:43:59,067 - Episode 4: Failed with reward [36.71429]
2025-05-19 22:43:59,069 - Episode 5: Failed with reward [36.71429]
2025-05-19 22:43:59,071 - Episode 6: Failed with reward [36.71429]
2025-05-19 22:43:59,073 - Episode 7: Failed with reward [36.71429]
2025-05-19 22:43:59,074 - Episode 8: Failed with reward [36.71429]
2025-05-19 22:43:59,076 - Episode 9: Failed with reward [36.71429]
2025-05-19 22:43:59,078 - Episode 10: Failed with reward [36.71429]
2025-05-19 22:43:59,080 - Episode 11: Failed with reward [36.71429]
2025-05-19 22:43:59,082 - Episode 12: Failed with reward [36.71429]
2025-05-19 22:43:59,084 - Episode 13: Failed with reward [36.71429]
2025-05-19 22:43:59,086 - Episode 14: Failed with reward [36.71429]
2025-05-19 22:43:59,087 - Episode 15: Failed with reward [36.71429]
2025-05-19 22:43:59,089 - Episode 16: Failed with reward [36.71429]
2025-05-19 22:43:59,091 - Episode 17: Failed with reward [36.71429]
2025-05-19 22:43:59,093 - Episode 18: Failed with reward [36.71429]
2025-05-19 22:43:59,095 - Episode 19: Failed with reward [36.71429]
2025-05-19 22:43:59,097 - Episode 20: Failed with reward [36.71429]
2025-05-19 22:43:59,098 - Episode 21: Failed with reward [36.71429]
2025-05-19 22:43:59,100 - Episode 22: Failed with reward [36.71429]
2025-05-19 22:43:59,102 - Episode 23: Failed with reward [36.71429]
2025-05-19 22:43:59,104 - Episode 24: Failed with reward [36.71429]
2025-05-19 22:43:59,106 - Episode 25: Failed with reward [36.71429]
2025-05-19 22:43:59,108 - Episode 26: Failed with reward [36.71429]
2025-05-19 22:43:59,110 - Episode 27: Failed with reward [36.71429]
2025-05-19 22:43:59,112 - Episode 28: Failed with reward [36.71429]
2025-05-19 22:43:59,114 - Episode 29: Failed with reward [36.71429]
2025-05-19 22:43:59,116 - Episode 30: Failed with reward [36.71429]
2025-05-19 22:43:59,118 - Episode 31: Failed with reward [36.71429]
2025-05-19 22:43:59,120 - Episode 32: Failed with reward [36.71429]
2025-05-19 22:43:59,122 - Episode 33: Failed with reward [36.71429]
2025-05-19 22:43:59,124 - Episode 34: Failed with reward [36.71429]
2025-05-19 22:43:59,126 - Episode 35: Failed with reward [36.71429]
2025-05-19 22:43:59,128 - Episode 36: Failed with reward [36.71429]
2025-05-19 22:43:59,130 - Episode 37: Failed with reward [36.71429]
2025-05-19 22:43:59,132 - Episode 38: Failed with reward [36.71429]
2025-05-19 22:43:59,134 - Episode 39: Failed with reward [36.71429]
2025-05-19 22:43:59,136 - Episode 40: Failed with reward [36.71429]
2025-05-19 22:43:59,138 - Episode 41: Failed with reward [36.71429]
2025-05-19 22:43:59,140 - Episode 42: Failed with reward [36.71429]
2025-05-19 22:43:59,142 - Episode 43: Failed with reward [36.71429]
2025-05-19 22:43:59,144 - Episode 44: Failed with reward [36.71429]
2025-05-19 22:43:59,146 - Episode 45: Failed with reward [36.71429]
2025-05-19 22:43:59,148 - Episode 46: Failed with reward [36.71429]
2025-05-19 22:43:59,150 - Episode 47: Failed with reward [36.71429]
2025-05-19 22:43:59,152 - Episode 48: Failed with reward [36.71429]
2025-05-19 22:43:59,153 - Episode 49: Failed with reward [36.71429]
2025-05-19 22:43:59,155 - Episode 50: Failed with reward [36.71429]
2025-05-19 22:43:59,157 - Episode 51: Failed with reward [36.71429]
2025-05-19 22:43:59,159 - Episode 52: Failed with reward [36.71429]
2025-05-19 22:43:59,161 - Episode 53: Failed with reward [36.71429]
2025-05-19 22:43:59,163 - Episode 54: Failed with reward [36.71429]
2025-05-19 22:43:59,165 - Episode 55: Failed with reward [36.71429]
2025-05-19 22:43:59,167 - Episode 56: Failed with reward [36.71429]
2025-05-19 22:43:59,169 - Episode 57: Failed with reward [36.71429]
2025-05-19 22:43:59,171 - Episode 58: Failed with reward [36.71429]
2025-05-19 22:43:59,173 - Episode 59: Failed with reward [36.71429]
2025-05-19 22:43:59,175 - Episode 60: Failed with reward [36.71429]
2025-05-19 22:43:59,177 - Episode 61: Failed with reward [36.71429]
2025-05-19 22:43:59,179 - Episode 62: Failed with reward [36.71429]
2025-05-19 22:43:59,180 - Episode 63: Failed with reward [36.71429]
2025-05-19 22:43:59,182 - Episode 64: Failed with reward [36.71429]
2025-05-19 22:43:59,184 - Episode 65: Failed with reward [36.71429]
2025-05-19 22:43:59,186 - Episode 66: Failed with reward [36.71429]
2025-05-19 22:43:59,188 - Episode 67: Failed with reward [36.71429]
2025-05-19 22:43:59,190 - Episode 68: Failed with reward [36.71429]
2025-05-19 22:43:59,192 - Episode 69: Failed with reward [36.71429]
2025-05-19 22:43:59,194 - Episode 70: Failed with reward [36.71429]
2025-05-19 22:43:59,196 - Episode 71: Failed with reward [36.71429]
2025-05-19 22:43:59,198 - Episode 72: Failed with reward [36.71429]
2025-05-19 22:43:59,200 - Episode 73: Failed with reward [36.71429]
2025-05-19 22:43:59,202 - Episode 74: Failed with reward [36.71429]
2025-05-19 22:43:59,204 - Episode 75: Failed with reward [36.71429]
2025-05-19 22:43:59,206 - Episode 76: Failed with reward [36.71429]
2025-05-19 22:43:59,208 - Episode 77: Failed with reward [36.71429]
2025-05-19 22:43:59,209 - Episode 78: Failed with reward [36.71429]
2025-05-19 22:43:59,211 - Episode 79: Failed with reward [36.71429]
2025-05-19 22:43:59,213 - Episode 80: Failed with reward [36.71429]
2025-05-19 22:43:59,215 - Episode 81: Failed with reward [36.71429]
2025-05-19 22:43:59,217 - Episode 82: Failed with reward [36.71429]
2025-05-19 22:43:59,219 - Episode 83: Failed with reward [36.71429]
2025-05-19 22:43:59,221 - Episode 84: Failed with reward [36.71429]
2025-05-19 22:43:59,223 - Episode 85: Failed with reward [36.71429]
2025-05-19 22:43:59,225 - Episode 86: Failed with reward [36.71429]
2025-05-19 22:43:59,227 - Episode 87: Failed with reward [36.71429]
2025-05-19 22:43:59,229 - Episode 88: Failed with reward [36.71429]
2025-05-19 22:43:59,231 - Episode 89: Failed with reward [36.71429]
2025-05-19 22:43:59,233 - Episode 90: Failed with reward [36.71429]
2025-05-19 22:43:59,235 - Episode 91: Failed with reward [36.71429]
2025-05-19 22:43:59,237 - Episode 92: Failed with reward [36.71429]
2025-05-19 22:43:59,239 - Episode 93: Failed with reward [36.71429]
2025-05-19 22:43:59,241 - Episode 94: Failed with reward [36.71429]
2025-05-19 22:43:59,242 - Episode 95: Failed with reward [36.71429]
2025-05-19 22:43:59,244 - Episode 96: Failed with reward [36.71429]
2025-05-19 22:43:59,246 - Episode 97: Failed with reward [36.71429]
2025-05-19 22:43:59,248 - Episode 98: Failed with reward [36.71429]
2025-05-19 22:43:59,250 - Episode 99: Failed with reward [36.71429]
2025-05-19 22:44:04,444 - ✅ Success rate over 100 episodes: 0.00%
2025-05-19 22:44:04,444 - Log file saved to: logs/training_20250519_224054.log
