2025-05-19 21:07:49,467 - Starting training session
2025-05-19 21:07:50,105 - Starting training for 500000 timesteps
2025-05-19 21:11:09,904 - Training completed
2025-05-19 21:11:09,929 - Model saved to models/mppo_ap2t_to_c2t
2025-05-19 21:11:09,929 - Starting evaluation
2025-05-19 21:11:09,932 - Episode 0: Failed with reward 1.0
2025-05-19 21:11:09,933 - Episode 1: Failed with reward 1.0
2025-05-19 21:11:09,933 - Episode 2: Failed with reward 1.0
2025-05-19 21:11:09,934 - Episode 3: Failed with reward 1.0
2025-05-19 21:11:09,935 - Episode 4: Failed with reward 1.0
2025-05-19 21:11:09,935 - Episode 5: Failed with reward 1.0
2025-05-19 21:11:09,936 - Episode 6: Failed with reward 1.0
2025-05-19 21:11:09,937 - Episode 7: Failed with reward 1.0
2025-05-19 21:11:09,937 - Episode 8: Failed with reward 1.0
2025-05-19 21:11:09,938 - Episode 9: Failed with reward 1.0
2025-05-19 21:11:09,939 - Episode 10: Failed with reward 1.0
2025-05-19 21:11:09,940 - Episode 11: Failed with reward 1.0
2025-05-19 21:11:09,940 - Episode 12: Failed with reward 1.0
2025-05-19 21:11:09,941 - Episode 13: Failed with reward 1.0
2025-05-19 21:11:09,942 - Episode 14: Failed with reward 1.0
2025-05-19 21:11:09,942 - Episode 15: Failed with reward 1.0
2025-05-19 21:11:09,943 - Episode 16: Failed with reward 1.0
2025-05-19 21:11:09,944 - Episode 17: Failed with reward 1.0
2025-05-19 21:11:09,944 - Episode 18: Failed with reward 1.0
2025-05-19 21:11:09,945 - Episode 19: Failed with reward 1.0
2025-05-19 21:11:09,946 - Episode 20: Failed with reward 1.0
2025-05-19 21:11:09,946 - Episode 21: Failed with reward 1.0
2025-05-19 21:11:09,947 - Episode 22: Failed with reward 1.0
2025-05-19 21:11:09,948 - Episode 23: Failed with reward 1.0
2025-05-19 21:11:09,948 - Episode 24: Failed with reward 1.0
2025-05-19 21:11:09,949 - Episode 25: Failed with reward 1.0
2025-05-19 21:11:09,950 - Episode 26: Failed with reward 1.0
2025-05-19 21:11:09,951 - Episode 27: Failed with reward 1.0
2025-05-19 21:11:09,951 - Episode 28: Failed with reward 1.0
2025-05-19 21:11:09,952 - Episode 29: Failed with reward 1.0
2025-05-19 21:11:09,953 - Episode 30: Failed with reward 1.0
2025-05-19 21:11:09,953 - Episode 31: Failed with reward 1.0
2025-05-19 21:11:09,954 - Episode 32: Failed with reward 1.0
2025-05-19 21:11:09,955 - Episode 33: Failed with reward 1.0
2025-05-19 21:11:09,955 - Episode 34: Failed with reward 1.0
2025-05-19 21:11:09,956 - Episode 35: Failed with reward 1.0
2025-05-19 21:11:09,957 - Episode 36: Failed with reward 1.0
2025-05-19 21:11:09,957 - Episode 37: Failed with reward 1.0
2025-05-19 21:11:09,958 - Episode 38: Failed with reward 1.0
2025-05-19 21:11:09,959 - Episode 39: Failed with reward 1.0
2025-05-19 21:11:09,959 - Episode 40: Failed with reward 1.0
2025-05-19 21:11:09,960 - Episode 41: Failed with reward 1.0
2025-05-19 21:11:09,961 - Episode 42: Failed with reward 1.0
2025-05-19 21:11:09,961 - Episode 43: Failed with reward 1.0
2025-05-19 21:11:09,962 - Episode 44: Failed with reward 1.0
2025-05-19 21:11:09,963 - Episode 45: Failed with reward 1.0
2025-05-19 21:11:09,963 - Episode 46: Failed with reward 1.0
2025-05-19 21:11:09,964 - Episode 47: Failed with reward 1.0
2025-05-19 21:11:09,965 - Episode 48: Failed with reward 1.0
2025-05-19 21:11:09,965 - Episode 49: Failed with reward 1.0
2025-05-19 21:11:09,966 - Episode 50: Failed with reward 1.0
2025-05-19 21:11:09,967 - Episode 51: Failed with reward 1.0
2025-05-19 21:11:09,967 - Episode 52: Failed with reward 1.0
2025-05-19 21:11:09,968 - Episode 53: Failed with reward 1.0
2025-05-19 21:11:09,969 - Episode 54: Failed with reward 1.0
2025-05-19 21:11:09,969 - Episode 55: Failed with reward 1.0
2025-05-19 21:11:09,970 - Episode 56: Failed with reward 1.0
2025-05-19 21:11:09,971 - Episode 57: Failed with reward 1.0
2025-05-19 21:11:09,971 - Episode 58: Failed with reward 1.0
2025-05-19 21:11:09,972 - Episode 59: Failed with reward 1.0
2025-05-19 21:11:09,973 - Episode 60: Failed with reward 1.0
2025-05-19 21:11:09,973 - Episode 61: Failed with reward 1.0
2025-05-19 21:11:09,974 - Episode 62: Failed with reward 1.0
2025-05-19 21:11:09,975 - Episode 63: Failed with reward 1.0
2025-05-19 21:11:09,975 - Episode 64: Failed with reward 1.0
2025-05-19 21:11:09,976 - Episode 65: Failed with reward 1.0
2025-05-19 21:11:09,977 - Episode 66: Failed with reward 1.0
2025-05-19 21:11:09,977 - Episode 67: Failed with reward 1.0
2025-05-19 21:11:09,978 - Episode 68: Failed with reward 1.0
2025-05-19 21:11:09,979 - Episode 69: Failed with reward 1.0
2025-05-19 21:11:09,979 - Episode 70: Failed with reward 1.0
2025-05-19 21:11:09,980 - Episode 71: Failed with reward 1.0
2025-05-19 21:11:09,981 - Episode 72: Failed with reward 1.0
2025-05-19 21:11:09,981 - Episode 73: Failed with reward 1.0
2025-05-19 21:11:09,982 - Episode 74: Failed with reward 1.0
2025-05-19 21:11:09,983 - Episode 75: Failed with reward 1.0
2025-05-19 21:11:09,983 - Episode 76: Failed with reward 1.0
2025-05-19 21:11:09,984 - Episode 77: Failed with reward 1.0
2025-05-19 21:11:09,985 - Episode 78: Failed with reward 1.0
2025-05-19 21:11:09,985 - Episode 79: Failed with reward 1.0
2025-05-19 21:11:09,986 - Episode 80: Failed with reward 1.0
2025-05-19 21:11:09,987 - Episode 81: Failed with reward 1.0
2025-05-19 21:11:09,987 - Episode 82: Failed with reward 1.0
2025-05-19 21:11:09,988 - Episode 83: Failed with reward 1.0
2025-05-19 21:11:09,989 - Episode 84: Failed with reward 1.0
2025-05-19 21:11:09,989 - Episode 85: Failed with reward 1.0
2025-05-19 21:11:09,990 - Episode 86: Failed with reward 1.0
2025-05-19 21:11:09,991 - Episode 87: Failed with reward 1.0
2025-05-19 21:11:09,991 - Episode 88: Failed with reward 1.0
2025-05-19 21:11:09,992 - Episode 89: Failed with reward 1.0
2025-05-19 21:11:09,993 - Episode 90: Failed with reward 1.0
2025-05-19 21:11:09,993 - Episode 91: Failed with reward 1.0
2025-05-19 21:11:09,994 - Episode 92: Failed with reward 1.0
2025-05-19 21:11:09,995 - Episode 93: Failed with reward 1.0
2025-05-19 21:11:09,995 - Episode 94: Failed with reward 1.0
2025-05-19 21:11:09,996 - Episode 95: Failed with reward 1.0
2025-05-19 21:11:09,997 - Episode 96: Failed with reward 1.0
2025-05-19 21:11:09,997 - Episode 97: Failed with reward 1.0
2025-05-19 21:11:09,998 - Episode 98: Failed with reward 1.0
2025-05-19 21:11:09,999 - Episode 99: Failed with reward 1.0
2025-05-19 21:11:32,248 - ✅ Success rate over 100 episodes: 0.00%
2025-05-19 21:11:32,248 - Log file saved to: logs/training_20250519_210749.log
